<?xml version="1.0" encoding="UTF-8"?>
<!-- Generated by org.testng.reporters.JUnitReportReporter -->
<testsuite hostname="DESKTOP-3NM1VHO" failures="0" tests="1" name="com.nixonex.tests.ShoppingTest" time="24.103" errors="0" timestamp="2025-04-27T23:14:28 IST" skipped="0">
  <testcase classname="com.nixonex.tests.ShoppingTest" name="shoppingFlowTest" time="24.103"/>
</testsuite> <!-- com.nixonex.tests.ShoppingTest -->
