<?xml version="1.0" encoding="UTF-8"?>
<!-- Generated by org.testng.reporters.JUnitReportReporter -->
<testsuite hostname="DESKTOP-3NM1VHO" failures="0" tests="1" name="com.nixonex.tests.SampleTest" time="16.438" errors="0" timestamp="2025-04-27T17:32:06 IST" skipped="0">
  <testcase classname="com.nixonex.tests.SampleTest" name="openHomePageTest" time="16.438"/>
</testsuite> <!-- com.nixonex.tests.SampleTest -->
