<?xml version="1.0" encoding="UTF-8"?>
<!-- Generated by org.testng.reporters.JUnitReportReporter -->
<testsuite hostname="DESKTOP-3NM1VHO" failures="0" tests="1" name="com.nixonex.tests.RegisterTest" time="13.142" errors="0" timestamp="2025-04-29T17:47:11 IST" skipped="0">
  <testcase classname="com.nixonex.tests.RegisterTest" name="userRegistrationTest" time="13.142"/>
</testsuite> <!-- com.nixonex.tests.RegisterTest -->
